<?xml version="1.0" encoding="UTF-8"?>
<testsuite xmlns:xsi="http://www.w3.org/2001/XMLSchema-instance" xsi:noNamespaceSchemaLocation="https://maven.apache.org/surefire/maven-surefire-plugin/xsd/surefire-test-report.xsd" name="org.example.BankAccountServiceImplTest" time="1.047" tests="33" errors="0" skipped="0" failures="0">
  <properties>
[...]
</properties>
  <testcase name="transfer_SameAccount_ThrowsIllegalArgumentException" classname="org.example.BankAccountServiceImplTest" time="0.82"/>
  <testcase name="withdraw_EntireBalance_Success" classname="org.example.BankAccountServiceImplTest" time="0.02"/>
  <testcase name="freezeAccount_SetsAccountToFrozen" classname="org.example.BankAccountServiceImplTest" time="0.01"/>
  <testcase name="transfer_ValidAmount_TransfersBetweenAccounts" classname="org.example.BankAccountServiceImplTest" time="0.004"/>
  <testcase name="getBalance_NonExistingAccount_ThrowsException" classname="org.example.BankAccountServiceImplTest" time="0.003"/>
  <testcase name="getTransactionHistory_NonExistingAccount_ReturnsEmptyList" classname="org.example.BankAccountServiceImplTest" time="0.002"/>
  <testcase name="deposit_ValidAmount_IncreasesBalance" classname="org.example.BankAccountServiceImplTest" time="0.003"/>
  <testcase name="withdraw_InsufficientFunds_ThrowsException" classname="org.example.BankAccountServiceImplTest" time="0.004"/>
  <testcase name="applyInterest_LogsTransaction" classname="org.example.BankAccountServiceImplTest" time="0.061"/>
  <testcase name="deposit_NonPositiveAmount_ThrowsIllegalArgumentException{double}[1]" classname="org.example.BankAccountServiceImplTest" time="0.023"/>
  <testcase name="deposit_NonPositiveAmount_ThrowsIllegalArgumentException{double}[2]" classname="org.example.BankAccountServiceImplTest" time="0.001"/>
  <testcase name="deposit_NonPositiveAmount_ThrowsIllegalArgumentException{double}[3]" classname="org.example.BankAccountServiceImplTest" time="0.001"/>
  <testcase name="applyInterest_InvalidRate_ThrowsException" classname="org.example.BankAccountServiceImplTest" time="0.004"/>
  <testcase name="applyInterest_InvalidRate_ThrowsException{double}[1]" classname="org.example.BankAccountServiceImplTest" time="0.002"/>
  <testcase name="applyInterest_InvalidRate_ThrowsException{double}[2]" classname="org.example.BankAccountServiceImplTest" time="0.001"/>
  <testcase name="applyInterest_ValidRate_CreatesTransactionWithCorrectTimestamp" classname="org.example.BankAccountServiceImplTest" time="0.005"/>
  <testcase name="createAccount_ZeroInitialBalance_Success" classname="org.example.BankAccountServiceImplTest" time="0.001"/>
  <testcase name="deposit_NullAccountId_ThrowsNullPointerException" classname="org.example.BankAccountServiceImplTest" time="0.002"/>
  <testcase name="getAllAccounts_ReturnsAllAccounts" classname="org.example.BankAccountServiceImplTest" time="0.002"/>
  <testcase name="setBalance_NegativeValue_ThrowsException" classname="org.example.BankAccountServiceImplTest" time="0.001"/>
  <testcase name="createAccount_NegativeInitialBalance_ThrowsException" classname="org.example.BankAccountServiceImplTest" time="0.002"/>
  <testcase name="deposit_ToFrozenAccount_ThrowsException" classname="org.example.BankAccountServiceImplTest" time="0.002"/>
  <testcase name="unfreezeAccount_SetsAccountToUnfrozen" classname="org.example.BankAccountServiceImplTest" time="0.002"/>
  <testcase name="withdraw_ValidAmount_DecreasesBalance" classname="org.example.BankAccountServiceImplTest" time="0.001"/>
  <testcase name="withdraw_FromFrozenAccount_ThrowsException" classname="org.example.BankAccountServiceImplTest" time="0.002"/>
  <testcase name="transfer_ExactlyAvailableBalance_Success" classname="org.example.BankAccountServiceImplTest" time="0.003"/>
  <testcase name="applyInterest_ValidRate_AppliesInterest" classname="org.example.BankAccountServiceImplTest" time="0.003"/>
  <testcase name="createAccount_ValidData_ReturnsAccountAndSavesIt" classname="org.example.BankAccountServiceImplTest" time="0.001"/>
  <testcase name="transfer_NullArguments_ThrowsException" classname="org.example.BankAccountServiceImplTest" time="0.001"/>
  <testcase name="deposit_NonExistingAccount_ThrowsException" classname="org.example.BankAccountServiceImplTest" time="0.002"/>
  <testcase name="transfer_LogsTransactionAttempt" classname="org.example.BankAccountServiceImplTest" time="0.002"/>
  <testcase name="getTransactionHistory_ReturnsTransactionsForAccount" classname="org.example.BankAccountServiceImplTest" time="0.001"/>
  <testcase name="transfer_InsufficientFunds_ThrowsException" classname="org.example.BankAccountServiceImplTest" time="0.002"/>
</testsuite>